<?xml version="1.0" encoding="UTF-8"?>
<!-- Generated by org.testng.reporters.JUnitReportReporter -->
<testsuite skipped="0" hostname="LAPTOP-1AMLOT3B" name="com.krn.users.deleteuser" tests="1" failures="0" timestamp="31 Oct 2023 06:04:42 GMT" time="0.006" errors="0">
  <testcase name="testdeleteuser" time="0.006" classname="com.krn.users.deleteuser"/>
</testsuite> <!-- com.krn.users.deleteuser -->
